2026-02-01T19:20:11.7496272Z ##[group]Run flutter build apk --release --no-tree-shake-icons
flutter build apk --release --no-tree-shake-icons
shell: /usr/bin/bash -e ***0***
env:
  JAVA_HOME: /opt/hostedtoolcache/Java_Zulu_jdk/17.0.18-8/x64
  JAVA_HOME_17_X64: /opt/hostedtoolcache/Java_Zulu_jdk/17.0.18-8/x64
  FLUTTER_ROOT: /opt/hostedtoolcache/flutter/stable-3.38.9-x64
  PUB_CACHE: /home/runner/.pub-cache
Upgrading build.gradle.kts
Running Gradle task 'assembleRelease'...                        
Checking the license for package NDK (Side by side) 27.0.12077973 in /usr/local/lib/android/sdk/licenses
License for package NDK (Side by side) 27.0.12077973 accepted.
Preparing "Install NDK (Side by side) 27.0.12077973 v.27.0.12077973".
"Install NDK (Side by side) 27.0.12077973 v.27.0.12077973" ready.
Installing NDK (Side by side) 27.0.12077973 in /usr/local/lib/android/sdk/ndk/27.0.12077973
"Install NDK (Side by side) 27.0.12077973 v.27.0.12077973" complete.
"Install NDK (Side by side) 27.0.12077973 v.27.0.12077973" finished.
Warning: The plugin app_links requires Android SDK version 36 or higher.
For more information about build configuration, see https://flutter.dev/to/review-gradle-config.
Warning: The plugin cloud_firestore requires Android SDK version 34 or higher.
For more information about build configuration, see https://flutter.dev/to/review-gradle-config.
Warning: The plugin cloud_functions requires Android SDK version 34 or higher.
For more information about build configuration, see https://flutter.dev/to/review-gradle-config.
Warning: The plugin desktop_webview_auth requires Android SDK version 36 or higher.
For more information about build configuration, see https://flutter.dev/to/review-gradle-config.
Warning: The plugin device_info_plus requires Android SDK version 36 or higher.
For more information about build configuration, see https://flutter.dev/to/review-gradle-config.
Warning: The plugin file_selector_android requires Android SDK version 36 or higher.
For more information about build configuration, see https://flutter.dev/to/review-gradle-config.
Warning: The plugin firebase_analytics requires Android SDK version 34 or higher.
For more information about build configuration, see https://flutter.dev/to/review-gradle-config.
Warning: The plugin firebase_app_check requires Android SDK version 34 or higher.
For more information about build configuration, see https://flutter.dev/to/review-gradle-config.
Warning: The plugin firebase_auth requires Android SDK version 34 or higher.
For more information about build configuration, see https://flutter.dev/to/review-gradle-config.
Warning: The plugin firebase_core requires Android SDK version 34 or higher.
For more information about build configuration, see https://flutter.dev/to/review-gradle-config.
Warning: The plugin firebase_crashlytics requires Android SDK version 34 or higher.
For more information about build configuration, see https://flutter.dev/to/review-gradle-config.
Warning: The plugin firebase_database requires Android SDK version 34 or higher.
For more information about build configuration, see https://flutter.dev/to/review-gradle-config.
Warning: The plugin firebase_messaging requires Android SDK version 34 or higher.
For more information about build configuration, see https://flutter.dev/to/review-gradle-config.
Warning: The plugin firebase_performance requires Android SDK version 34 or higher.
For more information about build configuration, see https://flutter.dev/to/review-gradle-config.
Warning: The plugin firebase_remote_config requires Android SDK version 34 or higher.
For more information about build configuration, see https://flutter.dev/to/review-gradle-config.
Warning: The plugin firebase_storage requires Android SDK version 34 or higher.
For more information about build configuration, see https://flutter.dev/to/review-gradle-config.
Warning: The plugin flutter_image_compress_common requires Android SDK version 34 or higher.
For more information about build configuration, see https://flutter.dev/to/review-gradle-config.
Warning: The plugin flutter_local_notifications requires Android SDK version 35 or higher.
For more information about build configuration, see https://flutter.dev/to/review-gradle-config.
Warning: The plugin flutter_native_splash requires Android SDK version 35 or higher.
For more information about build configuration, see https://flutter.dev/to/review-gradle-config.
Warning: The plugin flutter_plugin_android_lifecycle requires Android SDK version 36 or higher.
For more information about build configuration, see https://flutter.dev/to/review-gradle-config.
Warning: The plugin google_sign_in_android requires Android SDK version 36 or higher.
For more information about build configuration, see https://flutter.dev/to/review-gradle-config.
Warning: The plugin image_picker_android requires Android SDK version 36 or higher.
For more information about build configuration, see https://flutter.dev/to/review-gradle-config.
Warning: The plugin package_info_plus requires Android SDK version 36 or higher.
For more information about build configuration, see https://flutter.dev/to/review-gradle-config.
Warning: The plugin path_provider_android requires Android SDK version 36 or higher.
For more information about build configuration, see https://flutter.dev/to/review-gradle-config.
Warning: The plugin shared_preferences_android requires Android SDK version 36 or higher.
For more information about build configuration, see https://flutter.dev/to/review-gradle-config.
Warning: The plugin sqflite_android requires Android SDK version 36 or higher.
For more information about build configuration, see https://flutter.dev/to/review-gradle-config.
Warning: The plugin url_launcher_android requires Android SDK version 36 or higher.
For more information about build configuration, see https://flutter.dev/to/review-gradle-config.
Your project is configured to compile against Android SDK 29, but the following plugin(s) require to be compiled against a higher Android SDK version:
- app_links compiles against Android SDK 36
- cloud_firestore compiles against Android SDK 34
- cloud_functions compiles against Android SDK 34
- desktop_webview_auth compiles against Android SDK 36
- device_info_plus compiles against Android SDK 36
- file_selector_android compiles against Android SDK 36
- firebase_analytics compiles against Android SDK 34
- firebase_app_check compiles against Android SDK 34
- firebase_auth compiles against Android SDK 34
- firebase_core compiles against Android SDK 34
- firebase_crashlytics compiles against Android SDK 34
- firebase_database compiles against Android SDK 34
- firebase_messaging compiles against Android SDK 34
- firebase_performance compiles against Android SDK 34
- firebase_remote_config compiles against Android SDK 34
- firebase_storage compiles against Android SDK 34
- flutter_image_compress_common compiles against Android SDK 34
- flutter_local_notifications compiles against Android SDK 35
- flutter_native_splash compiles against Android SDK 35
- flutter_plugin_android_lifecycle compiles against Android SDK 36
- google_sign_in_android compiles against Android SDK 36
- image_picker_android compiles against Android SDK 36
- package_info_plus compiles against Android SDK 36
- path_provider_android compiles against Android SDK 36
- shared_preferences_android compiles against Android SDK 36
- sqflite_android compiles against Android SDK 36
- url_launcher_android compiles against Android SDK 36
Fix this issue by compiling against the highest Android SDK version (they are backward compatible).
Add the following to /home/runner/work/EWUmate/EWUmate/android/app/build.gradle.kts:

    android ***
        compileSdk = 36
        ...
    ***

FAILURE: Build failed with an exception.

* What went wrong:
Could not determine the dependencies of task ':app:packageRelease'.
> Could not create task ':app:compileReleaseJavaWithJavac'.
   > In order to compile Java 9+ source, please set compileSdkVersion to 30 or above

* Try:
> Run with --stacktrace option to get the stack trace.
> Run with --info or --debug option to get more log output.
> Run with --scan to get full insights.
> Get more help at https://help.gradle.org.

BUILD FAILED in 5m 24s
Running Gradle task 'assembleRelease'...                          324.6s
Gradle task assembleRelease failed with exit code 1
Process completed with exit code 1.